Output directory: experiments/A/xgboost/raw
================================================================================
🚀 Training Started
   Start Time: 2025-11-15 18:38:14
   Model Type: xgboost
   Horizons: [3, 6, 12, 24]
   Output Directory: experiments/A/xgboost/raw
================================================================================

============================================================
Step 1: Loading Data
[2025-11-15 18:38:14] Starting data loading...
============================================================
Loading 18 station files from /home/zhengkun-li/frost-risk-forecast-challenge/data/raw/frost-risk-forecast-challenge/stations...
  Loaded 5/18 files...  Loaded 10/18 files...  Loaded 15/18 files...  Loaded 18/18 files...
Combining 18 station DataFrames...
Combined data: 2367360 rows, 26 columns
Stations: 18
Loaded 2367360 rows, 26 columns
Optimizing data types to reduce memory...
Memory usage after optimization: 1.50 GB
[2025-11-15 18:38:17] Step 1 completed in 3.55 seconds

============================================================
Step 2: Cleaning Data
[2025-11-15 18:38:17] Starting data cleaning...
============================================================
After cleaning: 2367360 rows
[2025-11-15 18:38:21] Step 2 completed in 3.78 seconds

============================================================
Step 3: Feature Engineering
[2025-11-15 18:38:21] Starting feature engineering...
============================================================
After feature engineering: 2367360 rows, 293 columns
Optimizing data types after feature engineering...
Memory usage after optimization: 3.84 GB
[2025-11-15 18:38:34] Step 3 completed in 13.03 seconds

============================================================
Step 4: Creating Frost Labels
============================================================
Created frost labels for horizons: [3, 6, 12, 24]
Final dataset: 2367360 rows, 301 columns

Saved labeled data to experiments/A/xgboost/raw/labeled_data.parquet and experiments/A/xgboost/raw/full_training/labeled_data.parquet

[2025-11-15 18:38:49] Starting model training for all horizons...

============================================================
Training models for 3h horizon
[2025-11-15 18:38:49] Starting 3h horizon training...
============================================================
  ⚠️  Warning: Excluded 270 non-numeric columns: ['Stn Name', 'CIMIS Region', 'qc', 'qc.1', 'qc.2']...
  ⚠️  Warning: Found 612 NaN values in features, filled using forward/backward fill
Features: 27, Samples: 2367306
Frost labels: 20579.0 positive (0.87%)
Temperature range: -9.30°C to 45.60°C
Features: 27
Samples: 2367306
Frost events: 20579.0 (0.87%)
Train: 1657114, Val: 355096, Test: 355096

[2025-11-15 18:38:52] Training classification model for frost probability...
❌ Error training 3h model: XGBoost is required. Install with: pip install xgboost
Traceback (most recent call last):
  File "/home/zhengkun-li/frost-risk-forecast-challenge/scripts/train/train_frost_forecast.py", line 215, in main
    result = train_models_for_horizon(
             ^^^^^^^^^^^^^^^^^^^^^^^^^
  File "/home/zhengkun-li/frost-risk-forecast-challenge/src/training/model_trainer.py", line 566, in train_models_for_horizon
    model_frost = train_frost_model(
                  ^^^^^^^^^^^^^^^^^^
  File "/home/zhengkun-li/frost-risk-forecast-challenge/src/training/model_trainer.py", line 128, in train_frost_model
    model_frost = model_class(frost_config)
                  ^^^^^^^^^^^^^^^^^^^^^^^^^
  File "/home/zhengkun-li/frost-risk-forecast-challenge/src/models/ml/xgboost_model.py", line 27, in __init__
    raise ImportError("XGBoost is required. Install with: pip install xgboost")
ImportError: XGBoost is required. Install with: pip install xgboost

============================================================
Training models for 6h horizon
[2025-11-15 18:38:52] Starting 6h horizon training...
============================================================
  ⚠️  Warning: Excluded 270 non-numeric columns: ['Stn Name', 'CIMIS Region', 'qc', 'qc.1', 'qc.2']...
  ⚠️  Warning: Found 450 NaN values in features, filled using forward/backward fill
Features: 27, Samples: 2367252
Frost labels: 20579.0 positive (0.87%)
Temperature range: -9.30°C to 45.60°C
Features: 27
Samples: 2367252
Frost events: 20579.0 (0.87%)
Train: 1657076, Val: 355088, Test: 355088

[2025-11-15 18:38:55] Training classification model for frost probability...
❌ Error training 6h model: XGBoost is required. Install with: pip install xgboost
Traceback (most recent call last):
  File "/home/zhengkun-li/frost-risk-forecast-challenge/scripts/train/train_frost_forecast.py", line 215, in main
    result = train_models_for_horizon(
             ^^^^^^^^^^^^^^^^^^^^^^^^^
  File "/home/zhengkun-li/frost-risk-forecast-challenge/src/training/model_trainer.py", line 566, in train_models_for_horizon
    model_frost = train_frost_model(
                  ^^^^^^^^^^^^^^^^^^
  File "/home/zhengkun-li/frost-risk-forecast-challenge/src/training/model_trainer.py", line 128, in train_frost_model
    model_frost = model_class(frost_config)
                  ^^^^^^^^^^^^^^^^^^^^^^^^^
  File "/home/zhengkun-li/frost-risk-forecast-challenge/src/models/ml/xgboost_model.py", line 27, in __init__
    raise ImportError("XGBoost is required. Install with: pip install xgboost")
ImportError: XGBoost is required. Install with: pip install xgboost

============================================================
Training models for 12h horizon
[2025-11-15 18:38:55] Starting 12h horizon training...
============================================================
  ⚠️  Warning: Excluded 270 non-numeric columns: ['Stn Name', 'CIMIS Region', 'qc', 'qc.1', 'qc.2']...
  ⚠️  Warning: Found 234 NaN values in features, filled using forward/backward fill
Features: 27, Samples: 2367144
Frost labels: 20579.0 positive (0.87%)
Temperature range: -9.30°C to 45.60°C
Features: 27
Samples: 2367144
Frost events: 20579.0 (0.87%)
Train: 1657000, Val: 355072, Test: 355072

[2025-11-15 18:38:58] Training classification model for frost probability...
❌ Error training 12h model: XGBoost is required. Install with: pip install xgboost
Traceback (most recent call last):
  File "/home/zhengkun-li/frost-risk-forecast-challenge/scripts/train/train_frost_forecast.py", line 215, in main
    result = train_models_for_horizon(
             ^^^^^^^^^^^^^^^^^^^^^^^^^
  File "/home/zhengkun-li/frost-risk-forecast-challenge/src/training/model_trainer.py", line 566, in train_models_for_horizon
    model_frost = train_frost_model(
                  ^^^^^^^^^^^^^^^^^^
  File "/home/zhengkun-li/frost-risk-forecast-challenge/src/training/model_trainer.py", line 128, in train_frost_model
    model_frost = model_class(frost_config)
                  ^^^^^^^^^^^^^^^^^^^^^^^^^
  File "/home/zhengkun-li/frost-risk-forecast-challenge/src/models/ml/xgboost_model.py", line 27, in __init__
    raise ImportError("XGBoost is required. Install with: pip install xgboost")
ImportError: XGBoost is required. Install with: pip install xgboost

============================================================
Training models for 24h horizon
[2025-11-15 18:38:58] Starting 24h horizon training...
============================================================
  ⚠️  Warning: Excluded 270 non-numeric columns: ['Stn Name', 'CIMIS Region', 'qc', 'qc.1', 'qc.2']...
  ⚠️  Warning: Found 18 NaN values in features, filled using forward/backward fill
Features: 27, Samples: 2366928
Frost labels: 20579.0 positive (0.87%)
Temperature range: -9.30°C to 45.60°C
Features: 27
Samples: 2366928
Frost events: 20579.0 (0.87%)
Train: 1656849, Val: 355039, Test: 355040

[2025-11-15 18:39:01] Training classification model for frost probability...
❌ Error training 24h model: XGBoost is required. Install with: pip install xgboost
Traceback (most recent call last):
  File "/home/zhengkun-li/frost-risk-forecast-challenge/scripts/train/train_frost_forecast.py", line 215, in main
    result = train_models_for_horizon(
             ^^^^^^^^^^^^^^^^^^^^^^^^^
  File "/home/zhengkun-li/frost-risk-forecast-challenge/src/training/model_trainer.py", line 566, in train_models_for_horizon
    model_frost = train_frost_model(
                  ^^^^^^^^^^^^^^^^^^
  File "/home/zhengkun-li/frost-risk-forecast-challenge/src/training/model_trainer.py", line 128, in train_frost_model
    model_frost = model_class(frost_config)
                  ^^^^^^^^^^^^^^^^^^^^^^^^^
  File "/home/zhengkun-li/frost-risk-forecast-challenge/src/models/ml/xgboost_model.py", line 27, in __init__
    raise ImportError("XGBoost is required. Install with: pip install xgboost")
ImportError: XGBoost is required. Install with: pip install xgboost

[2025-11-15 18:39:01] All horizons training completed in 11.37 seconds (0.19 minutes)

============================================================
Summary Report
============================================================

✅ Training completed!
   Start Time: 2025-11-15 18:38:14
   End Time: 2025-11-15 18:39:01
   Duration: 0.78 minutes (0.01 hours)
Results saved to: experiments/A/xgboost/raw
Output directory: experiments/A/xgboost/raw
================================================================================
🚀 Training Started
   Start Time: 2025-11-15 18:53:43
   Model Type: xgboost
   Horizons: [3, 6, 12, 24]
   Output Directory: experiments/A/xgboost/raw
================================================================================

============================================================
Step 1: Loading Data
[2025-11-15 18:53:43] Starting data loading...
============================================================
Loading 18 station files from /home/zhengkun-li/frost-risk-forecast-challenge/data/raw/frost-risk-forecast-challenge/stations...
  Loaded 5/18 files...  Loaded 10/18 files...  Loaded 15/18 files...  Loaded 18/18 files...
Combining 18 station DataFrames...
Combined data: 2367360 rows, 26 columns
Stations: 18
Loaded 2367360 rows, 26 columns
Optimizing data types to reduce memory...
Memory usage after optimization: 1.50 GB
[2025-11-15 18:53:46] Step 1 completed in 3.29 seconds

============================================================
Step 2: Cleaning Data
[2025-11-15 18:53:46] Starting data cleaning...
============================================================
After cleaning: 2367360 rows
[2025-11-15 18:53:50] Step 2 completed in 3.88 seconds

============================================================
Step 3: Feature Engineering
[2025-11-15 18:53:50] Starting feature engineering...
============================================================
After feature engineering: 2367360 rows, 293 columns
Optimizing data types after feature engineering...
Memory usage after optimization: 3.84 GB
[2025-11-15 18:54:03] Step 3 completed in 12.46 seconds

============================================================
Step 4: Creating Frost Labels
============================================================
Created frost labels for horizons: [3, 6, 12, 24]
Final dataset: 2367360 rows, 301 columns

Saved labeled data to experiments/A/xgboost/raw/labeled_data.parquet and experiments/A/xgboost/raw/full_training/labeled_data.parquet

[2025-11-15 18:54:18] Starting model training for all horizons...

============================================================
Training models for 3h horizon
[2025-11-15 18:54:18] Starting 3h horizon training...
============================================================
  ⚠️  Warning: Excluded 270 non-numeric columns: ['Stn Name', 'CIMIS Region', 'qc', 'qc.1', 'qc.2']...
  ⚠️  Warning: Found 612 NaN values in features, filled using forward/backward fill
Features: 27, Samples: 2367306
Frost labels: 20579.0 positive (0.87%)
Temperature range: -9.30°C to 45.60°C
Features: 27
Samples: 2367306
Frost events: 20579.0 (0.87%)
Train: 1657114, Val: 355096, Test: 355096

[2025-11-15 18:54:20] Training classification model for frost probability...
[0]	validation_0-logloss:0.02343
[1]	validation_0-logloss:0.02234
[2]	validation_0-logloss:0.02137
[3]	validation_0-logloss:0.02054
[4]	validation_0-logloss:0.01981
[5]	validation_0-logloss:0.01914
[6]	validation_0-logloss:0.01851
[7]	validation_0-logloss:0.01791
[8]	validation_0-logloss:0.01739
[9]	validation_0-logloss:0.01692
[10]	validation_0-logloss:0.01647
[11]	validation_0-logloss:0.01606
[12]	validation_0-logloss:0.01567
[13]	validation_0-logloss:0.01531
[14]	validation_0-logloss:0.01498
[15]	validation_0-logloss:0.01467
[16]	validation_0-logloss:0.01438
[17]	validation_0-logloss:0.01411
[18]	validation_0-logloss:0.01385
[19]	validation_0-logloss:0.01361
[20]	validation_0-logloss:0.01338
[21]	validation_0-logloss:0.01317
[22]	validation_0-logloss:0.01298
[23]	validation_0-logloss:0.01280
[24]	validation_0-logloss:0.01262
[25]	validation_0-logloss:0.01245
[26]	validation_0-logloss:0.01230
[27]	validation_0-logloss:0.01215
[28]	validation_0-logloss:0.01200
[29]	validation_0-logloss:0.01188
[30]	validation_0-logloss:0.01176
[31]	validation_0-logloss:0.01164
[32]	validation_0-logloss:0.01153
[33]	validation_0-logloss:0.01142
[34]	validation_0-logloss:0.01132
[35]	validation_0-logloss:0.01122
[36]	validation_0-logloss:0.01114
[37]	validation_0-logloss:0.01105
[38]	validation_0-logloss:0.01097
[39]	validation_0-logloss:0.01091
[40]	validation_0-logloss:0.01084
[41]	validation_0-logloss:0.01077
[42]	validation_0-logloss:0.01071
[43]	validation_0-logloss:0.01065
[44]	validation_0-logloss:0.01059
[45]	validation_0-logloss:0.01053
[46]	validation_0-logloss:0.01048
[47]	validation_0-logloss:0.01043
[48]	validation_0-logloss:0.01040
[49]	validation_0-logloss:0.01035
[50]	validation_0-logloss:0.01031
[51]	validation_0-logloss:0.01027
[52]	validation_0-logloss:0.01024
[53]	validation_0-logloss:0.01021
[54]	validation_0-logloss:0.01018
[55]	validation_0-logloss:0.01015
[56]	validation_0-logloss:0.01012
[57]	validation_0-logloss:0.01009
[58]	validation_0-logloss:0.01006
[59]	validation_0-logloss:0.01005
[60]	validation_0-logloss:0.01002
[61]	validation_0-logloss:0.01000
[62]	validation_0-logloss:0.00998
[63]	validation_0-logloss:0.00996
[64]	validation_0-logloss:0.00993
[65]	validation_0-logloss:0.00991
[66]	validation_0-logloss:0.00989
[67]	validation_0-logloss:0.00987
[68]	validation_0-logloss:0.00986
[69]	validation_0-logloss:0.00985
[70]	validation_0-logloss:0.00984
[71]	validation_0-logloss:0.00982
[72]	validation_0-logloss:0.00980
[73]	validation_0-logloss:0.00979
[74]	validation_0-logloss:0.00977
[75]	validation_0-logloss:0.00976
[76]	validation_0-logloss:0.00975
[77]	validation_0-logloss:0.00974
[78]	validation_0-logloss:0.00973
[79]	validation_0-logloss:0.00972
[80]	validation_0-logloss:0.00972
[81]	validation_0-logloss:0.00971
[82]	validation_0-logloss:0.00969
[83]	validation_0-logloss:0.00969
[84]	validation_0-logloss:0.00969
[85]	validation_0-logloss:0.00968
[86]	validation_0-logloss:0.00967
[87]	validation_0-logloss:0.00967
[88]	validation_0-logloss:0.00966
[89]	validation_0-logloss:0.00965
[90]	validation_0-logloss:0.00965
[91]	validation_0-logloss:0.00964
[92]	validation_0-logloss:0.00963
[93]	validation_0-logloss:0.00963
[94]	validation_0-logloss:0.00963
[95]	validation_0-logloss:0.00962
[96]	validation_0-logloss:0.00962
[97]	validation_0-logloss:0.00961
[98]	validation_0-logloss:0.00961
[99]	validation_0-logloss:0.00961
[100]	validation_0-logloss:0.00961
[101]	validation_0-logloss:0.00960
[102]	validation_0-logloss:0.00960
[103]	validation_0-logloss:0.00960
[104]	validation_0-logloss:0.00959
[105]	validation_0-logloss:0.00959
[106]	validation_0-logloss:0.00958
[107]	validation_0-logloss:0.00958
[108]	validation_0-logloss:0.00958
[109]	validation_0-logloss:0.00958
[110]	validation_0-logloss:0.00957
[111]	validation_0-logloss:0.00957
[112]	validation_0-logloss:0.00957
[113]	validation_0-logloss:0.00957
[114]	validation_0-logloss:0.00957
[115]	validation_0-logloss:0.00957
[116]	validation_0-logloss:0.00957
[117]	validation_0-logloss:0.00956
[118]	validation_0-logloss:0.00956
[119]	validation_0-logloss:0.00956
[120]	validation_0-logloss:0.00956
[121]	validation_0-logloss:0.00956
[122]	validation_0-logloss:0.00956
[123]	validation_0-logloss:0.00956
[124]	validation_0-logloss:0.00956
[125]	validation_0-logloss:0.00955
[126]	validation_0-logloss:0.00955
[127]	validation_0-logloss:0.00955
[128]	validation_0-logloss:0.00955
[129]	validation_0-logloss:0.00955
[130]	validation_0-logloss:0.00954
[131]	validation_0-logloss:0.00954
[132]	validation_0-logloss:0.00954
[133]	validation_0-logloss:0.00954
[134]	validation_0-logloss:0.00954
[135]	validation_0-logloss:0.00954
[136]	validation_0-logloss:0.00955
[137]	validation_0-logloss:0.00955
[138]	validation_0-logloss:0.00955
[139]	validation_0-logloss:0.00955
[140]	validation_0-logloss:0.00955
[141]	validation_0-logloss:0.00956
[142]	validation_0-logloss:0.00955
[143]	validation_0-logloss:0.00955
[144]	validation_0-logloss:0.00955
[145]	validation_0-logloss:0.00955
[146]	validation_0-logloss:0.00956
[147]	validation_0-logloss:0.00956
[148]	validation_0-logloss:0.00956
[149]	validation_0-logloss:0.00956
[150]	validation_0-logloss:0.00956
[151]	validation_0-logloss:0.00956
[152]	validation_0-logloss:0.00956
[153]	validation_0-logloss:0.00956
[154]	validation_0-logloss:0.00956
[155]	validation_0-logloss:0.00956
[156]	validation_0-logloss:0.00956
[157]	validation_0-logloss:0.00956
[158]	validation_0-logloss:0.00956
[159]	validation_0-logloss:0.00956
[160]	validation_0-logloss:0.00957
[161]	validation_0-logloss:0.00956
[162]	validation_0-logloss:0.00957
[163]	validation_0-logloss:0.00957
[164]	validation_0-logloss:0.00957
[165]	validation_0-logloss:0.00957
[166]	validation_0-logloss:0.00957
[167]	validation_0-logloss:0.00958
[168]	validation_0-logloss:0.00957
[169]	validation_0-logloss:0.00957
[170]	validation_0-logloss:0.00957
[171]	validation_0-logloss:0.00957
[172]	validation_0-logloss:0.00957
[173]	validation_0-logloss:0.00957
[174]	validation_0-logloss:0.00957
[175]	validation_0-logloss:0.00957
[176]	validation_0-logloss:0.00958
[177]	validation_0-logloss:0.00958
[178]	validation_0-logloss:0.00958
[179]	validation_0-logloss:0.00957
[180]	validation_0-logloss:0.00957
[181]	validation_0-logloss:0.00957
[182]	validation_0-logloss:0.00956
[183]	validation_0-logloss:0.00956
[184]	validation_0-logloss:0.00956
[185]	validation_0-logloss:0.00956
[186]	validation_0-logloss:0.00957
[187]	validation_0-logloss:0.00957
[188]	validation_0-logloss:0.00957
[189]	validation_0-logloss:0.00957
[190]	validation_0-logloss:0.00957
[191]	validation_0-logloss:0.00957
[192]	validation_0-logloss:0.00957
[193]	validation_0-logloss:0.00958
[194]	validation_0-logloss:0.00958
[195]	validation_0-logloss:0.00958
[196]	validation_0-logloss:0.00958
[197]	validation_0-logloss:0.00958
[198]	validation_0-logloss:0.00957
[199]	validation_0-logloss:0.00958
[2025-11-15 18:54:24] Frost classification model training completed in 3.35 seconds (0.06 minutes)

[2025-11-15 18:54:24] Training regression model for temperature...
[0]	validation_0-rmse:8.40894
[1]	validation_0-rmse:8.00275
[2]	validation_0-rmse:7.61662
[3]	validation_0-rmse:7.24998
[4]	validation_0-rmse:6.90229
[5]	validation_0-rmse:6.57160
[6]	validation_0-rmse:6.26223
[7]	validation_0-rmse:5.96428
[8]	validation_0-rmse:5.68835
[9]	validation_0-rmse:5.42042
[10]	validation_0-rmse:5.16670
[11]	validation_0-rmse:4.92532
[12]	validation_0-rmse:4.69679
[13]	validation_0-rmse:4.48047
[14]	validation_0-rmse:4.27572
[15]	validation_0-rmse:4.08140
[16]	validation_0-rmse:3.89918
[17]	validation_0-rmse:3.72548
[18]	validation_0-rmse:3.56069
[19]	validation_0-rmse:3.40515
[20]	validation_0-rmse:3.25889
[21]	validation_0-rmse:3.12014
[22]	validation_0-rmse:2.98978
[23]	validation_0-rmse:2.86676
[24]	validation_0-rmse:2.74985
[25]	validation_0-rmse:2.63985
[26]	validation_0-rmse:2.53772
[27]	validation_0-rmse:2.44117
[28]	validation_0-rmse:2.34933
[29]	validation_0-rmse:2.26512
[30]	validation_0-rmse:2.18444
[31]	validation_0-rmse:2.10954
[32]	validation_0-rmse:2.03983
[33]	validation_0-rmse:1.97283
[34]	validation_0-rmse:1.91166
[35]	validation_0-rmse:1.85370
[36]	validation_0-rmse:1.79925
[37]	validation_0-rmse:1.74853
[38]	validation_0-rmse:1.70125
[39]	validation_0-rmse:1.65777
[40]	validation_0-rmse:1.61786
[41]	validation_0-rmse:1.58007
[42]	validation_0-rmse:1.54458
[43]	validation_0-rmse:1.51179
[44]	validation_0-rmse:1.48246
[45]	validation_0-rmse:1.45433
[46]	validation_0-rmse:1.42862
[47]	validation_0-rmse:1.40477
[48]	validation_0-rmse:1.38363
[49]	validation_0-rmse:1.36497
[50]	validation_0-rmse:1.34647
[51]	validation_0-rmse:1.32995
[52]	validation_0-rmse:1.31456
[53]	validation_0-rmse:1.29967
[54]	validation_0-rmse:1.28629
[55]	validation_0-rmse:1.27366
[56]	validation_0-rmse:1.26288
[57]	validation_0-rmse:1.25274
[58]	validation_0-rmse:1.24305
[59]	validation_0-rmse:1.23406
[60]	validation_0-rmse:1.22580
[61]	validation_0-rmse:1.21883
[62]	validation_0-rmse:1.21182
[63]	validation_0-rmse:1.20597
[64]	validation_0-rmse:1.20029
[65]	validation_0-rmse:1.19488
[66]	validation_0-rmse:1.18965
[67]	validation_0-rmse:1.18531
[68]	validation_0-rmse:1.18166
[69]	validation_0-rmse:1.17770
[70]	validation_0-rmse:1.17502
[71]	validation_0-rmse:1.17151
[72]	validation_0-rmse:1.16849
[73]	validation_0-rmse:1.16579
[74]	validation_0-rmse:1.16326
[75]	validation_0-rmse:1.16077
[76]	validation_0-rmse:1.15854
[77]	validation_0-rmse:1.15660
[78]	validation_0-rmse:1.15461
[79]	validation_0-rmse:1.15289
[80]	validation_0-rmse:1.15116
[81]	validation_0-rmse:1.14940
[82]	validation_0-rmse:1.14778
[83]	validation_0-rmse:1.14643
[84]	validation_0-rmse:1.14507
[85]	validation_0-rmse:1.14398
[86]	validation_0-rmse:1.14294
[87]	validation_0-rmse:1.14203
[88]	validation_0-rmse:1.14099
[89]	validation_0-rmse:1.14018
[90]	validation_0-rmse:1.13908
[91]	validation_0-rmse:1.13823
[92]	validation_0-rmse:1.13760
[93]	validation_0-rmse:1.13688
[94]	validation_0-rmse:1.13636
[95]	validation_0-rmse:1.13588
[96]	validation_0-rmse:1.13532
[97]	validation_0-rmse:1.13481
[98]	validation_0-rmse:1.13427
[99]	validation_0-rmse:1.13377
[100]	validation_0-rmse:1.13329
[101]	validation_0-rmse:1.13274
[102]	validation_0-rmse:1.13220
[103]	validation_0-rmse:1.13171
[104]	validation_0-rmse:1.13117
[105]	validation_0-rmse:1.13083
[106]	validation_0-rmse:1.13048
[107]	validation_0-rmse:1.13015
[108]	validation_0-rmse:1.12952
[109]	validation_0-rmse:1.12923
[110]	validation_0-rmse:1.12879
[111]	validation_0-rmse:1.12856
[112]	validation_0-rmse:1.12824
[113]	validation_0-rmse:1.12794
[114]	validation_0-rmse:1.12756
[115]	validation_0-rmse:1.12703
[116]	validation_0-rmse:1.12678
[117]	validation_0-rmse:1.12640
[118]	validation_0-rmse:1.12617
[119]	validation_0-rmse:1.12566
[120]	validation_0-rmse:1.12521
[121]	validation_0-rmse:1.12482
[122]	validation_0-rmse:1.12468
[123]	validation_0-rmse:1.12432
[124]	validation_0-rmse:1.12386
[125]	validation_0-rmse:1.12363
[126]	validation_0-rmse:1.12344
[127]	validation_0-rmse:1.12319
[128]	validation_0-rmse:1.12308
[129]	validation_0-rmse:1.12237
[130]	validation_0-rmse:1.12174
[131]	validation_0-rmse:1.12105
[132]	validation_0-rmse:1.12045
[133]	validation_0-rmse:1.12035
[134]	validation_0-rmse:1.11997
[135]	validation_0-rmse:1.11947
[136]	validation_0-rmse:1.11936
[137]	validation_0-rmse:1.11886
[138]	validation_0-rmse:1.11877
[139]	validation_0-rmse:1.11853
[140]	validation_0-rmse:1.11843
[141]	validation_0-rmse:1.11819
[142]	validation_0-rmse:1.11810
[143]	validation_0-rmse:1.11773
[144]	validation_0-rmse:1.11764
[145]	validation_0-rmse:1.11739
[146]	validation_0-rmse:1.11728
[147]	validation_0-rmse:1.11713
[148]	validation_0-rmse:1.11665
[149]	validation_0-rmse:1.11664
[150]	validation_0-rmse:1.11652
[151]	validation_0-rmse:1.11645
[152]	validation_0-rmse:1.11637
[153]	validation_0-rmse:1.11610
[154]	validation_0-rmse:1.11594
[155]	validation_0-rmse:1.11575
[156]	validation_0-rmse:1.11557
[157]	validation_0-rmse:1.11545
[158]	validation_0-rmse:1.11537
[159]	validation_0-rmse:1.11534
[160]	validation_0-rmse:1.11530
[161]	validation_0-rmse:1.11525
[162]	validation_0-rmse:1.11517
[163]	validation_0-rmse:1.11514
[164]	validation_0-rmse:1.11506
[165]	validation_0-rmse:1.11497
[166]	validation_0-rmse:1.11484
[167]	validation_0-rmse:1.11472
[168]	validation_0-rmse:1.11468
[169]	validation_0-rmse:1.11461
[170]	validation_0-rmse:1.11454
[171]	validation_0-rmse:1.11442
[172]	validation_0-rmse:1.11441
[173]	validation_0-rmse:1.11427
[174]	validation_0-rmse:1.11425
[175]	validation_0-rmse:1.11421
[176]	validation_0-rmse:1.11421
[177]	validation_0-rmse:1.11405
[178]	validation_0-rmse:1.11384
[179]	validation_0-rmse:1.11374
[180]	validation_0-rmse:1.11347
[181]	validation_0-rmse:1.11326
[182]	validation_0-rmse:1.11314
[183]	validation_0-rmse:1.11317
[184]	validation_0-rmse:1.11302
[185]	validation_0-rmse:1.11281
[186]	validation_0-rmse:1.11271
[187]	validation_0-rmse:1.11251
[188]	validation_0-rmse:1.11240
[189]	validation_0-rmse:1.11229
[190]	validation_0-rmse:1.11224
[191]	validation_0-rmse:1.11209
[192]	validation_0-rmse:1.11196
[193]	validation_0-rmse:1.11180
[194]	validation_0-rmse:1.11160
[195]	validation_0-rmse:1.11145
[196]	validation_0-rmse:1.11135
[197]	validation_0-rmse:1.11130
[198]	validation_0-rmse:1.11119
[199]	validation_0-rmse:1.11117
[2025-11-15 18:54:29] Temperature regression model training completed in 5.14 seconds (0.09 minutes)

[2025-11-15 18:54:29] Evaluating on test set...

Classification Metrics (Frost Probability):
accuracy: 0.9972
brier_score: 0.0021
ece: 0.0006
f1: 0.7260
fn: 572
fp: 437
pr_auc: 0.8050
precision: 0.7537
recall: 0.7004
roc_auc: 0.9982
tn: 352750
tp: 1337

Regression Metrics (Temperature):
mae: 0.8176
mape: 8.940316200256348
r2: 0.9841
rmse: 1.1150

Generating reliability diagram...
[2025-11-15 18:54:30] Evaluation completed in 1.35 seconds

[2025-11-15 18:54:31] 3h horizon training completed in 13.08 seconds (0.22 minutes)

============================================================
Training models for 6h horizon
[2025-11-15 18:54:31] Starting 6h horizon training...
============================================================
  ⚠️  Warning: Excluded 270 non-numeric columns: ['Stn Name', 'CIMIS Region', 'qc', 'qc.1', 'qc.2']...
  ⚠️  Warning: Found 450 NaN values in features, filled using forward/backward fill
Features: 27, Samples: 2367252
Frost labels: 20579.0 positive (0.87%)
Temperature range: -9.30°C to 45.60°C
Features: 27
Samples: 2367252
Frost events: 20579.0 (0.87%)
Train: 1657076, Val: 355088, Test: 355088

[2025-11-15 18:54:34] Training classification model for frost probability...
[0]	validation_0-logloss:0.02556
[1]	validation_0-logloss:0.02429
[2]	validation_0-logloss:0.02324
[3]	validation_0-logloss:0.02234
[4]	validation_0-logloss:0.02149
[5]	validation_0-logloss:0.02080
[6]	validation_0-logloss:0.02023
[7]	validation_0-logloss:0.01970
[8]	validation_0-logloss:0.01922
[9]	validation_0-logloss:0.01872
[10]	validation_0-logloss:0.01822
[11]	validation_0-logloss:0.01782
[12]	validation_0-logloss:0.01745
[13]	validation_0-logloss:0.01712
[14]	validation_0-logloss:0.01680
[15]	validation_0-logloss:0.01648
[16]	validation_0-logloss:0.01620
[17]	validation_0-logloss:0.01593
[18]	validation_0-logloss:0.01567
[19]	validation_0-logloss:0.01544
[20]	validation_0-logloss:0.01522
[21]	validation_0-logloss:0.01503
[22]	validation_0-logloss:0.01483
[23]	validation_0-logloss:0.01465
[24]	validation_0-logloss:0.01449
[25]	validation_0-logloss:0.01435
[26]	validation_0-logloss:0.01421
[27]	validation_0-logloss:0.01406
[28]	validation_0-logloss:0.01395
[29]	validation_0-logloss:0.01384
[30]	validation_0-logloss:0.01370
[31]	validation_0-logloss:0.01359
[32]	validation_0-logloss:0.01349
[33]	validation_0-logloss:0.01338
[34]	validation_0-logloss:0.01330
[35]	validation_0-logloss:0.01321
[36]	validation_0-logloss:0.01313
[37]	validation_0-logloss:0.01304
[38]	validation_0-logloss:0.01296
[39]	validation_0-logloss:0.01290
[40]	validation_0-logloss:0.01283
[41]	validation_0-logloss:0.01276
[42]	validation_0-logloss:0.01272
[43]	validation_0-logloss:0.01265
[44]	validation_0-logloss:0.01260
[45]	validation_0-logloss:0.01255
[46]	validation_0-logloss:0.01248
[47]	validation_0-logloss:0.01243
[48]	validation_0-logloss:0.01237
[49]	validation_0-logloss:0.01231
[50]	validation_0-logloss:0.01228
[51]	validation_0-logloss:0.01225
[52]	validation_0-logloss:0.01220
[53]	validation_0-logloss:0.01217
[54]	validation_0-logloss:0.01214
[55]	validation_0-logloss:0.01212
[56]	validation_0-logloss:0.01210
[57]	validation_0-logloss:0.01208
[58]	validation_0-logloss:0.01206
[59]	validation_0-logloss:0.01204
[60]	validation_0-logloss:0.01204
[61]	validation_0-logloss:0.01204
[62]	validation_0-logloss:0.01203
[63]	validation_0-logloss:0.01200
[64]	validation_0-logloss:0.01199
[65]	validation_0-logloss:0.01197
[66]	validation_0-logloss:0.01195
[67]	validation_0-logloss:0.01193
[68]	validation_0-logloss:0.01194
[69]	validation_0-logloss:0.01192
[70]	validation_0-logloss:0.01190
[71]	validation_0-logloss:0.01189
[72]	validation_0-logloss:0.01188
[73]	validation_0-logloss:0.01188
[74]	validation_0-logloss:0.01187
[75]	validation_0-logloss:0.01186
[76]	validation_0-logloss:0.01186
[77]	validation_0-logloss:0.01185
[78]	validation_0-logloss:0.01185
[79]	validation_0-logloss:0.01183
[80]	validation_0-logloss:0.01183
[81]	validation_0-logloss:0.01182
[82]	validation_0-logloss:0.01182
[83]	validation_0-logloss:0.01181
[84]	validation_0-logloss:0.01181
[85]	validation_0-logloss:0.01180
[86]	validation_0-logloss:0.01180
[87]	validation_0-logloss:0.01180
[88]	validation_0-logloss:0.01179
[89]	validation_0-logloss:0.01178
[90]	validation_0-logloss:0.01178
[91]	validation_0-logloss:0.01177
[92]	validation_0-logloss:0.01178
[93]	validation_0-logloss:0.01178
[94]	validation_0-logloss:0.01176
[95]	validation_0-logloss:0.01175
[96]	validation_0-logloss:0.01174
[97]	validation_0-logloss:0.01173
[98]	validation_0-logloss:0.01174
[99]	validation_0-logloss:0.01175
[100]	validation_0-logloss:0.01175
[101]	validation_0-logloss:0.01176
[102]	validation_0-logloss:0.01175
[103]	validation_0-logloss:0.01175
[104]	validation_0-logloss:0.01175
[105]	validation_0-logloss:0.01175
[106]	validation_0-logloss:0.01174
[107]	validation_0-logloss:0.01176
[108]	validation_0-logloss:0.01176
[109]	validation_0-logloss:0.01174
[110]	validation_0-logloss:0.01174
[111]	validation_0-logloss:0.01174
[112]	validation_0-logloss:0.01174
[113]	validation_0-logloss:0.01173
[114]	validation_0-logloss:0.01172
[115]	validation_0-logloss:0.01174
[116]	validation_0-logloss:0.01174
[117]	validation_0-logloss:0.01172
[118]	validation_0-logloss:0.01171
[119]	validation_0-logloss:0.01171
[120]	validation_0-logloss:0.01171
[121]	validation_0-logloss:0.01171
[122]	validation_0-logloss:0.01171
[123]	validation_0-logloss:0.01170
[124]	validation_0-logloss:0.01171
[125]	validation_0-logloss:0.01171
[126]	validation_0-logloss:0.01173
[127]	validation_0-logloss:0.01171
[128]	validation_0-logloss:0.01171
[129]	validation_0-logloss:0.01170
[130]	validation_0-logloss:0.01170
[131]	validation_0-logloss:0.01170
[132]	validation_0-logloss:0.01171
[133]	validation_0-logloss:0.01171
[134]	validation_0-logloss:0.01171
[135]	validation_0-logloss:0.01171
[136]	validation_0-logloss:0.01171
[137]	validation_0-logloss:0.01171
[138]	validation_0-logloss:0.01172
[139]	validation_0-logloss:0.01172
[140]	validation_0-logloss:0.01172
[141]	validation_0-logloss:0.01172
[142]	validation_0-logloss:0.01172
[143]	validation_0-logloss:0.01172
[144]	validation_0-logloss:0.01172
[145]	validation_0-logloss:0.01172
[146]	validation_0-logloss:0.01172
[147]	validation_0-logloss:0.01171
[148]	validation_0-logloss:0.01171
[149]	validation_0-logloss:0.01170
[150]	validation_0-logloss:0.01170
[151]	validation_0-logloss:0.01172
[152]	validation_0-logloss:0.01171
[153]	validation_0-logloss:0.01170
[154]	validation_0-logloss:0.01170
[155]	validation_0-logloss:0.01170
[156]	validation_0-logloss:0.01170
[157]	validation_0-logloss:0.01170
[158]	validation_0-logloss:0.01170
[159]	validation_0-logloss:0.01170
[160]	validation_0-logloss:0.01170
[161]	validation_0-logloss:0.01171
[162]	validation_0-logloss:0.01170
[163]	validation_0-logloss:0.01170
[164]	validation_0-logloss:0.01171
[165]	validation_0-logloss:0.01173
[166]	validation_0-logloss:0.01171
[167]	validation_0-logloss:0.01171
[168]	validation_0-logloss:0.01172
[169]	validation_0-logloss:0.01172
[170]	validation_0-logloss:0.01172
[171]	validation_0-logloss:0.01171
[172]	validation_0-logloss:0.01170
[173]	validation_0-logloss:0.01171
[174]	validation_0-logloss:0.01172
[175]	validation_0-logloss:0.01174
[176]	validation_0-logloss:0.01174
[177]	validation_0-logloss:0.01174
[178]	validation_0-logloss:0.01175
[179]	validation_0-logloss:0.01175
[180]	validation_0-logloss:0.01175
[181]	validation_0-logloss:0.01177
[182]	validation_0-logloss:0.01177
[183]	validation_0-logloss:0.01177
[184]	validation_0-logloss:0.01177
[185]	validation_0-logloss:0.01178
[186]	validation_0-logloss:0.01178
[187]	validation_0-logloss:0.01178
[188]	validation_0-logloss:0.01178
[189]	validation_0-logloss:0.01179
[190]	validation_0-logloss:0.01178
[191]	validation_0-logloss:0.01179
[192]	validation_0-logloss:0.01179
[193]	validation_0-logloss:0.01179
[194]	validation_0-logloss:0.01177
[195]	validation_0-logloss:0.01177
[196]	validation_0-logloss:0.01177
[197]	validation_0-logloss:0.01177
[198]	validation_0-logloss:0.01177
[199]	validation_0-logloss:0.01177
[2025-11-15 18:54:37] Frost classification model training completed in 3.31 seconds (0.06 minutes)

[2025-11-15 18:54:37] Training regression model for temperature...
[0]	validation_0-rmse:8.41107
[1]	validation_0-rmse:8.00631
[2]	validation_0-rmse:7.62256
[3]	validation_0-rmse:7.26084
[4]	validation_0-rmse:6.91603
[5]	validation_0-rmse:6.59158
[6]	validation_0-rmse:6.30287
[7]	validation_0-rmse:6.00744
[8]	validation_0-rmse:5.74369
[9]	validation_0-rmse:5.47740
[10]	validation_0-rmse:5.22530
[11]	validation_0-rmse:4.98662
[12]	validation_0-rmse:4.76030
[13]	validation_0-rmse:4.54649
[14]	validation_0-rmse:4.34707
[15]	validation_0-rmse:4.15598
[16]	validation_0-rmse:3.98141
[17]	validation_0-rmse:3.81046
[18]	validation_0-rmse:3.64935
[19]	validation_0-rmse:3.49748
[20]	validation_0-rmse:3.35376
[21]	validation_0-rmse:3.21887
[22]	validation_0-rmse:3.09646
[23]	validation_0-rmse:2.97972
[24]	validation_0-rmse:2.86657
[25]	validation_0-rmse:2.76087
[26]	validation_0-rmse:2.66525
[27]	validation_0-rmse:2.57507
[28]	validation_0-rmse:2.48883
[29]	validation_0-rmse:2.41449
[30]	validation_0-rmse:2.33687
[31]	validation_0-rmse:2.26786
[32]	validation_0-rmse:2.20616
[33]	validation_0-rmse:2.14450
[34]	validation_0-rmse:2.08748
[35]	validation_0-rmse:2.03390
[36]	validation_0-rmse:1.98224
[37]	validation_0-rmse:1.93552
[38]	validation_0-rmse:1.89308
[39]	validation_0-rmse:1.85424
[40]	validation_0-rmse:1.81703
[41]	validation_0-rmse:1.78300
[42]	validation_0-rmse:1.75136
[43]	validation_0-rmse:1.72065
[44]	validation_0-rmse:1.69348
[45]	validation_0-rmse:1.66671
[46]	validation_0-rmse:1.64224
[47]	validation_0-rmse:1.61987
[48]	validation_0-rmse:1.59963
[49]	validation_0-rmse:1.58354
[50]	validation_0-rmse:1.56700
[51]	validation_0-rmse:1.55321
[52]	validation_0-rmse:1.53980
[53]	validation_0-rmse:1.52705
[54]	validation_0-rmse:1.51523
[55]	validation_0-rmse:1.50324
[56]	validation_0-rmse:1.49308
[57]	validation_0-rmse:1.48305
[58]	validation_0-rmse:1.47485
[59]	validation_0-rmse:1.46637
[60]	validation_0-rmse:1.45819
[61]	validation_0-rmse:1.45247
[62]	validation_0-rmse:1.44518
[63]	validation_0-rmse:1.44047
[64]	validation_0-rmse:1.43512
[65]	validation_0-rmse:1.42961
[66]	validation_0-rmse:1.42408
[67]	validation_0-rmse:1.41963
[68]	validation_0-rmse:1.41562
[69]	validation_0-rmse:1.41163
[70]	validation_0-rmse:1.40972
[71]	validation_0-rmse:1.40600
[72]	validation_0-rmse:1.40252
[73]	validation_0-rmse:1.39926
[74]	validation_0-rmse:1.39624
[75]	validation_0-rmse:1.39387
[76]	validation_0-rmse:1.39149
[77]	validation_0-rmse:1.38974
[78]	validation_0-rmse:1.38755
[79]	validation_0-rmse:1.38618
[80]	validation_0-rmse:1.38416
[81]	validation_0-rmse:1.38205
[82]	validation_0-rmse:1.38053
[83]	validation_0-rmse:1.37897
[84]	validation_0-rmse:1.37796
[85]	validation_0-rmse:1.37694
[86]	validation_0-rmse:1.37527
[87]	validation_0-rmse:1.37397
[88]	validation_0-rmse:1.37263
[89]	validation_0-rmse:1.37160
[90]	validation_0-rmse:1.37070
[91]	validation_0-rmse:1.36967
[92]	validation_0-rmse:1.36870
[93]	validation_0-rmse:1.36780
[94]	validation_0-rmse:1.36724
[95]	validation_0-rmse:1.36658
[96]	validation_0-rmse:1.36593
[97]	validation_0-rmse:1.36553
[98]	validation_0-rmse:1.36490
[99]	validation_0-rmse:1.36424
[100]	validation_0-rmse:1.36378
[101]	validation_0-rmse:1.36304
[102]	validation_0-rmse:1.36250
[103]	validation_0-rmse:1.36197
[104]	validation_0-rmse:1.36157
[105]	validation_0-rmse:1.36120
[106]	validation_0-rmse:1.36046
[107]	validation_0-rmse:1.36007
[108]	validation_0-rmse:1.35945
[109]	validation_0-rmse:1.35909
[110]	validation_0-rmse:1.35852
[111]	validation_0-rmse:1.35819
[112]	validation_0-rmse:1.35756
[113]	validation_0-rmse:1.35728
[114]	validation_0-rmse:1.35688
[115]	validation_0-rmse:1.35619
[116]	validation_0-rmse:1.35600
[117]	validation_0-rmse:1.35562
[118]	validation_0-rmse:1.35500
[119]	validation_0-rmse:1.35472
[120]	validation_0-rmse:1.35452
[121]	validation_0-rmse:1.35403
[122]	validation_0-rmse:1.35383
[123]	validation_0-rmse:1.35338
[124]	validation_0-rmse:1.35309
[125]	validation_0-rmse:1.35274
[126]	validation_0-rmse:1.35262
[127]	validation_0-rmse:1.35226
[128]	validation_0-rmse:1.35211
[129]	validation_0-rmse:1.35189
[130]	validation_0-rmse:1.35171
[131]	validation_0-rmse:1.35131
[132]	validation_0-rmse:1.35107
[133]	validation_0-rmse:1.35086
[134]	validation_0-rmse:1.35046
[135]	validation_0-rmse:1.35022
[136]	validation_0-rmse:1.35009
[137]	validation_0-rmse:1.34992
[138]	validation_0-rmse:1.34970
[139]	validation_0-rmse:1.34950
[140]	validation_0-rmse:1.34933
[141]	validation_0-rmse:1.34917
[142]	validation_0-rmse:1.34915
[143]	validation_0-rmse:1.34908
[144]	validation_0-rmse:1.34903
[145]	validation_0-rmse:1.34877
[146]	validation_0-rmse:1.34828
[147]	validation_0-rmse:1.34803
[148]	validation_0-rmse:1.34787
[149]	validation_0-rmse:1.34775
[150]	validation_0-rmse:1.34761
[151]	validation_0-rmse:1.34748
[152]	validation_0-rmse:1.34746
[153]	validation_0-rmse:1.34738
[154]	validation_0-rmse:1.34717
[155]	validation_0-rmse:1.34706
[156]	validation_0-rmse:1.34697
[157]	validation_0-rmse:1.34652
[158]	validation_0-rmse:1.34640
[159]	validation_0-rmse:1.34600
[160]	validation_0-rmse:1.34577
[161]	validation_0-rmse:1.34570
[162]	validation_0-rmse:1.34555
[163]	validation_0-rmse:1.34550
[164]	validation_0-rmse:1.34526
[165]	validation_0-rmse:1.34514
[166]	validation_0-rmse:1.34492
[167]	validation_0-rmse:1.34474
[168]	validation_0-rmse:1.34456
[169]	validation_0-rmse:1.34445
[170]	validation_0-rmse:1.34402
[171]	validation_0-rmse:1.34383
[172]	validation_0-rmse:1.34355
[173]	validation_0-rmse:1.34320
[174]	validation_0-rmse:1.34283
[175]	validation_0-rmse:1.34276
[176]	validation_0-rmse:1.34273
[177]	validation_0-rmse:1.34266
[178]	validation_0-rmse:1.34256
[179]	validation_0-rmse:1.34241
[180]	validation_0-rmse:1.34214
[181]	validation_0-rmse:1.34190
[182]	validation_0-rmse:1.34183
[183]	validation_0-rmse:1.34168
[184]	validation_0-rmse:1.34158
[185]	validation_0-rmse:1.34147
[186]	validation_0-rmse:1.34137
[187]	validation_0-rmse:1.34118
[188]	validation_0-rmse:1.34093
[189]	validation_0-rmse:1.34086
[190]	validation_0-rmse:1.34078
[191]	validation_0-rmse:1.34061
[192]	validation_0-rmse:1.34054
[193]	validation_0-rmse:1.34051
[194]	validation_0-rmse:1.34035
[195]	validation_0-rmse:1.34030
[196]	validation_0-rmse:1.34016
[197]	validation_0-rmse:1.34006
[198]	validation_0-rmse:1.33995
[199]	validation_0-rmse:1.33968
[2025-11-15 18:54:42] Temperature regression model training completed in 5.13 seconds (0.09 minutes)

[2025-11-15 18:54:42] Evaluating on test set...

Classification Metrics (Frost Probability):
accuracy: 0.9964
brier_score: 0.0026
ece: 0.0012
f1: 0.6651
fn: 645
fp: 628
pr_auc: 0.7399
precision: 0.6681
recall: 0.6621
roc_auc: 0.9975
tn: 352551
tp: 1264

Regression Metrics (Temperature):
mae: 1.0035
mape: 10.852256774902344
r2: 0.9770
rmse: 1.3405

Generating reliability diagram...
[2025-11-15 18:54:43] Evaluation completed in 1.19 seconds

[2025-11-15 18:54:43] 6h horizon training completed in 12.29 seconds (0.20 minutes)

============================================================
Training models for 12h horizon
[2025-11-15 18:54:43] Starting 12h horizon training...
============================================================
  ⚠️  Warning: Excluded 270 non-numeric columns: ['Stn Name', 'CIMIS Region', 'qc', 'qc.1', 'qc.2']...
  ⚠️  Warning: Found 234 NaN values in features, filled using forward/backward fill
Features: 27, Samples: 2367144
Frost labels: 20579.0 positive (0.87%)
Temperature range: -9.30°C to 45.60°C
Features: 27
Samples: 2367144
Frost events: 20579.0 (0.87%)
Train: 1657000, Val: 355072, Test: 355072

[2025-11-15 18:54:46] Training classification model for frost probability...
[0]	validation_0-logloss:0.03056
[1]	validation_0-logloss:0.02917
[2]	validation_0-logloss:0.02808
[3]	validation_0-logloss:0.02730
[4]	validation_0-logloss:0.02651
[5]	validation_0-logloss:0.02588
[6]	validation_0-logloss:0.02534
[7]	validation_0-logloss:0.02474
[8]	validation_0-logloss:0.02429
[9]	validation_0-logloss:0.02380
[10]	validation_0-logloss:0.02337
[11]	validation_0-logloss:0.02292
[12]	validation_0-logloss:0.02256
[13]	validation_0-logloss:0.02222
[14]	validation_0-logloss:0.02192
[15]	validation_0-logloss:0.02165
[16]	validation_0-logloss:0.02139
[17]	validation_0-logloss:0.02115
[18]	validation_0-logloss:0.02093
[19]	validation_0-logloss:0.02073
[20]	validation_0-logloss:0.02055
[21]	validation_0-logloss:0.02039
[22]	validation_0-logloss:0.02022
[23]	validation_0-logloss:0.02006
[24]	validation_0-logloss:0.01994
[25]	validation_0-logloss:0.01982
[26]	validation_0-logloss:0.01969
[27]	validation_0-logloss:0.01960
[28]	validation_0-logloss:0.01951
[29]	validation_0-logloss:0.01944
[30]	validation_0-logloss:0.01933
[31]	validation_0-logloss:0.01924
[32]	validation_0-logloss:0.01915
[33]	validation_0-logloss:0.01909
[34]	validation_0-logloss:0.01901
[35]	validation_0-logloss:0.01896
[36]	validation_0-logloss:0.01889
[37]	validation_0-logloss:0.01885
[38]	validation_0-logloss:0.01881
[39]	validation_0-logloss:0.01874
[40]	validation_0-logloss:0.01871
[41]	validation_0-logloss:0.01869
[42]	validation_0-logloss:0.01866
[43]	validation_0-logloss:0.01864
[44]	validation_0-logloss:0.01862
[45]	validation_0-logloss:0.01860
[46]	validation_0-logloss:0.01856
[47]	validation_0-logloss:0.01854
[48]	validation_0-logloss:0.01851
[49]	validation_0-logloss:0.01847
[50]	validation_0-logloss:0.01846
[51]	validation_0-logloss:0.01844
[52]	validation_0-logloss:0.01840
[53]	validation_0-logloss:0.01840
[54]	validation_0-logloss:0.01838
[55]	validation_0-logloss:0.01835
[56]	validation_0-logloss:0.01834
[57]	validation_0-logloss:0.01834
[58]	validation_0-logloss:0.01835
[59]	validation_0-logloss:0.01834
[60]	validation_0-logloss:0.01834
[61]	validation_0-logloss:0.01834
[62]	validation_0-logloss:0.01834
[63]	validation_0-logloss:0.01832
[64]	validation_0-logloss:0.01832
[65]	validation_0-logloss:0.01833
[66]	validation_0-logloss:0.01832
[67]	validation_0-logloss:0.01831
[68]	validation_0-logloss:0.01829
[69]	validation_0-logloss:0.01830
[70]	validation_0-logloss:0.01829
[71]	validation_0-logloss:0.01829
[72]	validation_0-logloss:0.01829
[73]	validation_0-logloss:0.01830
[74]	validation_0-logloss:0.01831
[75]	validation_0-logloss:0.01830
[76]	validation_0-logloss:0.01829
[77]	validation_0-logloss:0.01827
[78]	validation_0-logloss:0.01828
[79]	validation_0-logloss:0.01828
[80]	validation_0-logloss:0.01829
[81]	validation_0-logloss:0.01829
[82]	validation_0-logloss:0.01829
[83]	validation_0-logloss:0.01829
[84]	validation_0-logloss:0.01829
[85]	validation_0-logloss:0.01830
[86]	validation_0-logloss:0.01829
[87]	validation_0-logloss:0.01829
[88]	validation_0-logloss:0.01830
[89]	validation_0-logloss:0.01830
[90]	validation_0-logloss:0.01831
[91]	validation_0-logloss:0.01831
[92]	validation_0-logloss:0.01830
[93]	validation_0-logloss:0.01832
[94]	validation_0-logloss:0.01831
[95]	validation_0-logloss:0.01832
[96]	validation_0-logloss:0.01833
[97]	validation_0-logloss:0.01832
[98]	validation_0-logloss:0.01832
[99]	validation_0-logloss:0.01833
[100]	validation_0-logloss:0.01833
[101]	validation_0-logloss:0.01834
[102]	validation_0-logloss:0.01834
[103]	validation_0-logloss:0.01836
[104]	validation_0-logloss:0.01837
[105]	validation_0-logloss:0.01837
[106]	validation_0-logloss:0.01837
[107]	validation_0-logloss:0.01837
[108]	validation_0-logloss:0.01838
[109]	validation_0-logloss:0.01838
[110]	validation_0-logloss:0.01838
[111]	validation_0-logloss:0.01839
[112]	validation_0-logloss:0.01839
[113]	validation_0-logloss:0.01840
[114]	validation_0-logloss:0.01840
[115]	validation_0-logloss:0.01841
[116]	validation_0-logloss:0.01841
[117]	validation_0-logloss:0.01841
[118]	validation_0-logloss:0.01841
[119]	validation_0-logloss:0.01842
[120]	validation_0-logloss:0.01843
[121]	validation_0-logloss:0.01842
[122]	validation_0-logloss:0.01842
[123]	validation_0-logloss:0.01845
[124]	validation_0-logloss:0.01846
[125]	validation_0-logloss:0.01846
[126]	validation_0-logloss:0.01846
[127]	validation_0-logloss:0.01848
[128]	validation_0-logloss:0.01847
[129]	validation_0-logloss:0.01848
[130]	validation_0-logloss:0.01846
[131]	validation_0-logloss:0.01846
[132]	validation_0-logloss:0.01848
[133]	validation_0-logloss:0.01847
[134]	validation_0-logloss:0.01846
[135]	validation_0-logloss:0.01845
[136]	validation_0-logloss:0.01845
[137]	validation_0-logloss:0.01846
[138]	validation_0-logloss:0.01844
[139]	validation_0-logloss:0.01846
[140]	validation_0-logloss:0.01846
[141]	validation_0-logloss:0.01848
[142]	validation_0-logloss:0.01849
[143]	validation_0-logloss:0.01849
[144]	validation_0-logloss:0.01849
[145]	validation_0-logloss:0.01849
[146]	validation_0-logloss:0.01848
[147]	validation_0-logloss:0.01849
[148]	validation_0-logloss:0.01848
[149]	validation_0-logloss:0.01848
[150]	validation_0-logloss:0.01847
[151]	validation_0-logloss:0.01848
[152]	validation_0-logloss:0.01848
[153]	validation_0-logloss:0.01848
[154]	validation_0-logloss:0.01848
[155]	validation_0-logloss:0.01850
[156]	validation_0-logloss:0.01850
[157]	validation_0-logloss:0.01857
[158]	validation_0-logloss:0.01858
[159]	validation_0-logloss:0.01859
[160]	validation_0-logloss:0.01858
[161]	validation_0-logloss:0.01859
[162]	validation_0-logloss:0.01860
[163]	validation_0-logloss:0.01861
[164]	validation_0-logloss:0.01861
[165]	validation_0-logloss:0.01861
[166]	validation_0-logloss:0.01866
[167]	validation_0-logloss:0.01865
[168]	validation_0-logloss:0.01865
[169]	validation_0-logloss:0.01865
[170]	validation_0-logloss:0.01865
[171]	validation_0-logloss:0.01865
[172]	validation_0-logloss:0.01865
[173]	validation_0-logloss:0.01865
[174]	validation_0-logloss:0.01862
[175]	validation_0-logloss:0.01857
[176]	validation_0-logloss:0.01857
[177]	validation_0-logloss:0.01856
[178]	validation_0-logloss:0.01861
[179]	validation_0-logloss:0.01860
[180]	validation_0-logloss:0.01861
[181]	validation_0-logloss:0.01863
[182]	validation_0-logloss:0.01863
[183]	validation_0-logloss:0.01863
[184]	validation_0-logloss:0.01862
[185]	validation_0-logloss:0.01862
[186]	validation_0-logloss:0.01864
[187]	validation_0-logloss:0.01864
[188]	validation_0-logloss:0.01865
[189]	validation_0-logloss:0.01866
[190]	validation_0-logloss:0.01866
[191]	validation_0-logloss:0.01866
[192]	validation_0-logloss:0.01865
[193]	validation_0-logloss:0.01866
[194]	validation_0-logloss:0.01866
[195]	validation_0-logloss:0.01870
[196]	validation_0-logloss:0.01869
[197]	validation_0-logloss:0.01865
[198]	validation_0-logloss:0.01866
[199]	validation_0-logloss:0.01866
[2025-11-15 18:54:50] Frost classification model training completed in 3.55 seconds (0.06 minutes)

[2025-11-15 18:54:50] Training regression model for temperature...
[0]	validation_0-rmse:8.43102
[1]	validation_0-rmse:8.04687
[2]	validation_0-rmse:7.68210
[3]	validation_0-rmse:7.34725
[4]	validation_0-rmse:7.02306
[5]	validation_0-rmse:6.72423
[6]	validation_0-rmse:6.44888
[7]	validation_0-rmse:6.17248
[8]	validation_0-rmse:5.92363
[9]	validation_0-rmse:5.67353
[10]	validation_0-rmse:5.43984
[11]	validation_0-rmse:5.21724
[12]	validation_0-rmse:5.00903
[13]	validation_0-rmse:4.81175
[14]	validation_0-rmse:4.63039
[15]	validation_0-rmse:4.45630
[16]	validation_0-rmse:4.30728
[17]	validation_0-rmse:4.15318
[18]	validation_0-rmse:4.00691
[19]	validation_0-rmse:3.87179
[20]	validation_0-rmse:3.74529
[21]	validation_0-rmse:3.62613
[22]	validation_0-rmse:3.51969
[23]	validation_0-rmse:3.41369
[24]	validation_0-rmse:3.31514
[25]	validation_0-rmse:3.22314
[26]	validation_0-rmse:3.14309
[27]	validation_0-rmse:3.06330
[28]	validation_0-rmse:2.99416
[29]	validation_0-rmse:2.93062
[30]	validation_0-rmse:2.86508
[31]	validation_0-rmse:2.81047
[32]	validation_0-rmse:2.75903
[33]	validation_0-rmse:2.70798
[34]	validation_0-rmse:2.66088
[35]	validation_0-rmse:2.61850
[36]	validation_0-rmse:2.57663
[37]	validation_0-rmse:2.54228
[38]	validation_0-rmse:2.51098
[39]	validation_0-rmse:2.47952
[40]	validation_0-rmse:2.44863
[41]	validation_0-rmse:2.42333
[42]	validation_0-rmse:2.39837
[43]	validation_0-rmse:2.37438
[44]	validation_0-rmse:2.35212
[45]	validation_0-rmse:2.33201
[46]	validation_0-rmse:2.31218
[47]	validation_0-rmse:2.29472
[48]	validation_0-rmse:2.27831
[49]	validation_0-rmse:2.26446
[50]	validation_0-rmse:2.25236
[51]	validation_0-rmse:2.24167
[52]	validation_0-rmse:2.23060
[53]	validation_0-rmse:2.22131
[54]	validation_0-rmse:2.21249
[55]	validation_0-rmse:2.20277
[56]	validation_0-rmse:2.19368
[57]	validation_0-rmse:2.18561
[58]	validation_0-rmse:2.17909
[59]	validation_0-rmse:2.17200
[60]	validation_0-rmse:2.16554
[61]	validation_0-rmse:2.16080
[62]	validation_0-rmse:2.15532
[63]	validation_0-rmse:2.15111
[64]	validation_0-rmse:2.14680
[65]	validation_0-rmse:2.14210
[66]	validation_0-rmse:2.13786
[67]	validation_0-rmse:2.13406
[68]	validation_0-rmse:2.13087
[69]	validation_0-rmse:2.12753
[70]	validation_0-rmse:2.12508
[71]	validation_0-rmse:2.12205
[72]	validation_0-rmse:2.11947
[73]	validation_0-rmse:2.11667
[74]	validation_0-rmse:2.11389
[75]	validation_0-rmse:2.11129
[76]	validation_0-rmse:2.10920
[77]	validation_0-rmse:2.10710
[78]	validation_0-rmse:2.10468
[79]	validation_0-rmse:2.10283
[80]	validation_0-rmse:2.10103
[81]	validation_0-rmse:2.09923
[82]	validation_0-rmse:2.09757
[83]	validation_0-rmse:2.09607
[84]	validation_0-rmse:2.09451
[85]	validation_0-rmse:2.09304
[86]	validation_0-rmse:2.09165
[87]	validation_0-rmse:2.09035
[88]	validation_0-rmse:2.08898
[89]	validation_0-rmse:2.08792
[90]	validation_0-rmse:2.08677
[91]	validation_0-rmse:2.08552
[92]	validation_0-rmse:2.08392
[93]	validation_0-rmse:2.08305
[94]	validation_0-rmse:2.08125
[95]	validation_0-rmse:2.08025
[96]	validation_0-rmse:2.07931
[97]	validation_0-rmse:2.07830
[98]	validation_0-rmse:2.07722
[99]	validation_0-rmse:2.07634
[100]	validation_0-rmse:2.07563
[101]	validation_0-rmse:2.07477
[102]	validation_0-rmse:2.07379
[103]	validation_0-rmse:2.07267
[104]	validation_0-rmse:2.07195
[105]	validation_0-rmse:2.07126
[106]	validation_0-rmse:2.07008
[107]	validation_0-rmse:2.06925
[108]	validation_0-rmse:2.06827
[109]	validation_0-rmse:2.06764
[110]	validation_0-rmse:2.06694
[111]	validation_0-rmse:2.06628
[112]	validation_0-rmse:2.06523
[113]	validation_0-rmse:2.06481
[114]	validation_0-rmse:2.06384
[115]	validation_0-rmse:2.06299
[116]	validation_0-rmse:2.06254
[117]	validation_0-rmse:2.06161
[118]	validation_0-rmse:2.06088
[119]	validation_0-rmse:2.06048
[120]	validation_0-rmse:2.05993
[121]	validation_0-rmse:2.05938
[122]	validation_0-rmse:2.05893
[123]	validation_0-rmse:2.05832
[124]	validation_0-rmse:2.05756
[125]	validation_0-rmse:2.05722
[126]	validation_0-rmse:2.05667
[127]	validation_0-rmse:2.05601
[128]	validation_0-rmse:2.05529
[129]	validation_0-rmse:2.05483
[130]	validation_0-rmse:2.05463
[131]	validation_0-rmse:2.05382
[132]	validation_0-rmse:2.05364
[133]	validation_0-rmse:2.05343
[134]	validation_0-rmse:2.05290
[135]	validation_0-rmse:2.05246
[136]	validation_0-rmse:2.05178
[137]	validation_0-rmse:2.05135
[138]	validation_0-rmse:2.05079
[139]	validation_0-rmse:2.05055
[140]	validation_0-rmse:2.05028
[141]	validation_0-rmse:2.04987
[142]	validation_0-rmse:2.04943
[143]	validation_0-rmse:2.04925
[144]	validation_0-rmse:2.04862
[145]	validation_0-rmse:2.04795
[146]	validation_0-rmse:2.04764
[147]	validation_0-rmse:2.04697
[148]	validation_0-rmse:2.04661
[149]	validation_0-rmse:2.04645
[150]	validation_0-rmse:2.04634
[151]	validation_0-rmse:2.04602
[152]	validation_0-rmse:2.04589
[153]	validation_0-rmse:2.04562
[154]	validation_0-rmse:2.04483
[155]	validation_0-rmse:2.04416
[156]	validation_0-rmse:2.04376
[157]	validation_0-rmse:2.04336
[158]	validation_0-rmse:2.04289
[159]	validation_0-rmse:2.04236
[160]	validation_0-rmse:2.04220
[161]	validation_0-rmse:2.04187
[162]	validation_0-rmse:2.04190
[163]	validation_0-rmse:2.04161
[164]	validation_0-rmse:2.04129
[165]	validation_0-rmse:2.04088
[166]	validation_0-rmse:2.04044
[167]	validation_0-rmse:2.03995
[168]	validation_0-rmse:2.03963
[169]	validation_0-rmse:2.03939
[170]	validation_0-rmse:2.03881
[171]	validation_0-rmse:2.03840
[172]	validation_0-rmse:2.03793
[173]	validation_0-rmse:2.03775
[174]	validation_0-rmse:2.03731
[175]	validation_0-rmse:2.03712
[176]	validation_0-rmse:2.03673
[177]	validation_0-rmse:2.03672
[178]	validation_0-rmse:2.03641
[179]	validation_0-rmse:2.03609
[180]	validation_0-rmse:2.03567
[181]	validation_0-rmse:2.03528
[182]	validation_0-rmse:2.03520
[183]	validation_0-rmse:2.03476
[184]	validation_0-rmse:2.03439
[185]	validation_0-rmse:2.03372
[186]	validation_0-rmse:2.03287
[187]	validation_0-rmse:2.03248
[188]	validation_0-rmse:2.03245
[189]	validation_0-rmse:2.03208
[190]	validation_0-rmse:2.03204
[191]	validation_0-rmse:2.03177
[192]	validation_0-rmse:2.03156
[193]	validation_0-rmse:2.03111
[194]	validation_0-rmse:2.03089
[195]	validation_0-rmse:2.03081
[196]	validation_0-rmse:2.03057
[197]	validation_0-rmse:2.03049
[198]	validation_0-rmse:2.03026
[199]	validation_0-rmse:2.03014
[2025-11-15 18:54:55] Temperature regression model training completed in 5.01 seconds (0.08 minutes)

[2025-11-15 18:54:55] Evaluating on test set...

Classification Metrics (Frost Probability):
accuracy: 0.9949
brier_score: 0.0038
ece: 0.0022
f1: 0.5387
fn: 843
fp: 983
pr_auc: 0.5663
precision: 0.5203
recall: 0.5584
roc_auc: 0.9942
tn: 352180
tp: 1066

Regression Metrics (Temperature):
mae: 1.5956
mape: 16.652324676513672
r2: 0.9448
rmse: 2.0776

Generating reliability diagram...
[2025-11-15 18:54:56] Evaluation completed in 1.27 seconds

[2025-11-15 18:54:56] 12h horizon training completed in 12.50 seconds (0.21 minutes)

============================================================
Training models for 24h horizon
[2025-11-15 18:54:56] Starting 24h horizon training...
============================================================
  ⚠️  Warning: Excluded 270 non-numeric columns: ['Stn Name', 'CIMIS Region', 'qc', 'qc.1', 'qc.2']...
  ⚠️  Warning: Found 18 NaN values in features, filled using forward/backward fill
Features: 27, Samples: 2366928
Frost labels: 20579.0 positive (0.87%)
Temperature range: -9.30°C to 45.60°C
Features: 27
Samples: 2366928
Frost events: 20579.0 (0.87%)
Train: 1656849, Val: 355039, Test: 355040

[2025-11-15 18:54:59] Training classification model for frost probability...
[0]	validation_0-logloss:0.03637
[1]	validation_0-logloss:0.03473
[2]	validation_0-logloss:0.03337
[3]	validation_0-logloss:0.03229
[4]	validation_0-logloss:0.03141
[5]	validation_0-logloss:0.03054
[6]	validation_0-logloss:0.02986
[7]	validation_0-logloss:0.02919
[8]	validation_0-logloss:0.02861
[9]	validation_0-logloss:0.02807
[10]	validation_0-logloss:0.02762
[11]	validation_0-logloss:0.02719
[12]	validation_0-logloss:0.02679
[13]	validation_0-logloss:0.02644
[14]	validation_0-logloss:0.02611
[15]	validation_0-logloss:0.02580
[16]	validation_0-logloss:0.02551
[17]	validation_0-logloss:0.02527
[18]	validation_0-logloss:0.02504
[19]	validation_0-logloss:0.02480
[20]	validation_0-logloss:0.02459
[21]	validation_0-logloss:0.02439
[22]	validation_0-logloss:0.02419
[23]	validation_0-logloss:0.02398
[24]	validation_0-logloss:0.02379
[25]	validation_0-logloss:0.02363
[26]	validation_0-logloss:0.02348
[27]	validation_0-logloss:0.02334
[28]	validation_0-logloss:0.02322
[29]	validation_0-logloss:0.02311
[30]	validation_0-logloss:0.02301
[31]	validation_0-logloss:0.02291
[32]	validation_0-logloss:0.02281
[33]	validation_0-logloss:0.02271
[34]	validation_0-logloss:0.02264
[35]	validation_0-logloss:0.02255
[36]	validation_0-logloss:0.02250
[37]	validation_0-logloss:0.02243
[38]	validation_0-logloss:0.02236
[39]	validation_0-logloss:0.02229
[40]	validation_0-logloss:0.02222
[41]	validation_0-logloss:0.02215
[42]	validation_0-logloss:0.02213
[43]	validation_0-logloss:0.02208
[44]	validation_0-logloss:0.02204
[45]	validation_0-logloss:0.02199
[46]	validation_0-logloss:0.02197
[47]	validation_0-logloss:0.02194
[48]	validation_0-logloss:0.02191
[49]	validation_0-logloss:0.02189
[50]	validation_0-logloss:0.02187
[51]	validation_0-logloss:0.02183
[52]	validation_0-logloss:0.02180
[53]	validation_0-logloss:0.02181
[54]	validation_0-logloss:0.02179
[55]	validation_0-logloss:0.02179
[56]	validation_0-logloss:0.02175
[57]	validation_0-logloss:0.02172
[58]	validation_0-logloss:0.02172
[59]	validation_0-logloss:0.02169
[60]	validation_0-logloss:0.02166
[61]	validation_0-logloss:0.02164
[62]	validation_0-logloss:0.02165
[63]	validation_0-logloss:0.02162
[64]	validation_0-logloss:0.02161
[65]	validation_0-logloss:0.02161
[66]	validation_0-logloss:0.02158
[67]	validation_0-logloss:0.02157
[68]	validation_0-logloss:0.02156
[69]	validation_0-logloss:0.02155
[70]	validation_0-logloss:0.02155
[71]	validation_0-logloss:0.02157
[72]	validation_0-logloss:0.02157
[73]	validation_0-logloss:0.02154
[74]	validation_0-logloss:0.02152
[75]	validation_0-logloss:0.02146
[76]	validation_0-logloss:0.02146
[77]	validation_0-logloss:0.02145
[78]	validation_0-logloss:0.02145
[79]	validation_0-logloss:0.02144
[80]	validation_0-logloss:0.02144
[81]	validation_0-logloss:0.02143
[82]	validation_0-logloss:0.02143
[83]	validation_0-logloss:0.02147
[84]	validation_0-logloss:0.02146
[85]	validation_0-logloss:0.02144
[86]	validation_0-logloss:0.02144
[87]	validation_0-logloss:0.02145
[88]	validation_0-logloss:0.02145
[89]	validation_0-logloss:0.02145
[90]	validation_0-logloss:0.02143
[91]	validation_0-logloss:0.02142
[92]	validation_0-logloss:0.02141
[93]	validation_0-logloss:0.02142
[94]	validation_0-logloss:0.02141
[95]	validation_0-logloss:0.02141
[96]	validation_0-logloss:0.02141
[97]	validation_0-logloss:0.02140
[98]	validation_0-logloss:0.02141
[99]	validation_0-logloss:0.02141
[100]	validation_0-logloss:0.02140
[101]	validation_0-logloss:0.02140
[102]	validation_0-logloss:0.02139
[103]	validation_0-logloss:0.02138
[104]	validation_0-logloss:0.02137
[105]	validation_0-logloss:0.02136
[106]	validation_0-logloss:0.02135
[107]	validation_0-logloss:0.02134
[108]	validation_0-logloss:0.02134
[109]	validation_0-logloss:0.02134
[110]	validation_0-logloss:0.02133
[111]	validation_0-logloss:0.02135
[112]	validation_0-logloss:0.02133
[113]	validation_0-logloss:0.02132
[114]	validation_0-logloss:0.02132
[115]	validation_0-logloss:0.02133
[116]	validation_0-logloss:0.02133
[117]	validation_0-logloss:0.02135
[118]	validation_0-logloss:0.02136
[119]	validation_0-logloss:0.02136
[120]	validation_0-logloss:0.02138
[121]	validation_0-logloss:0.02138
[122]	validation_0-logloss:0.02137
[123]	validation_0-logloss:0.02137
[124]	validation_0-logloss:0.02137
[125]	validation_0-logloss:0.02139
[126]	validation_0-logloss:0.02140
[127]	validation_0-logloss:0.02139
[128]	validation_0-logloss:0.02139
[129]	validation_0-logloss:0.02139
[130]	validation_0-logloss:0.02138
[131]	validation_0-logloss:0.02139
[132]	validation_0-logloss:0.02138
[133]	validation_0-logloss:0.02139
[134]	validation_0-logloss:0.02139
[135]	validation_0-logloss:0.02143
[136]	validation_0-logloss:0.02142
[137]	validation_0-logloss:0.02143
[138]	validation_0-logloss:0.02143
[139]	validation_0-logloss:0.02144
[140]	validation_0-logloss:0.02144
[141]	validation_0-logloss:0.02143
[142]	validation_0-logloss:0.02141
[143]	validation_0-logloss:0.02142
[144]	validation_0-logloss:0.02141
[145]	validation_0-logloss:0.02139
[146]	validation_0-logloss:0.02139
[147]	validation_0-logloss:0.02138
[148]	validation_0-logloss:0.02135
[149]	validation_0-logloss:0.02135
[150]	validation_0-logloss:0.02135
[151]	validation_0-logloss:0.02136
[152]	validation_0-logloss:0.02136
[153]	validation_0-logloss:0.02134
[154]	validation_0-logloss:0.02137
[155]	validation_0-logloss:0.02136
[156]	validation_0-logloss:0.02136
[157]	validation_0-logloss:0.02135
[158]	validation_0-logloss:0.02134
[159]	validation_0-logloss:0.02134
[160]	validation_0-logloss:0.02135
[161]	validation_0-logloss:0.02135
[162]	validation_0-logloss:0.02136
[163]	validation_0-logloss:0.02135
[164]	validation_0-logloss:0.02133
[165]	validation_0-logloss:0.02132
[166]	validation_0-logloss:0.02132
[167]	validation_0-logloss:0.02132
[168]	validation_0-logloss:0.02130
[169]	validation_0-logloss:0.02131
[170]	validation_0-logloss:0.02132
[171]	validation_0-logloss:0.02132
[172]	validation_0-logloss:0.02132
[173]	validation_0-logloss:0.02132
[174]	validation_0-logloss:0.02132
[175]	validation_0-logloss:0.02134
[176]	validation_0-logloss:0.02134
[177]	validation_0-logloss:0.02135
[178]	validation_0-logloss:0.02134
[179]	validation_0-logloss:0.02135
[180]	validation_0-logloss:0.02136
[181]	validation_0-logloss:0.02137
[182]	validation_0-logloss:0.02139
[183]	validation_0-logloss:0.02140
[184]	validation_0-logloss:0.02139
[185]	validation_0-logloss:0.02140
[186]	validation_0-logloss:0.02140
[187]	validation_0-logloss:0.02139
[188]	validation_0-logloss:0.02139
[189]	validation_0-logloss:0.02138
[190]	validation_0-logloss:0.02137
[191]	validation_0-logloss:0.02137
[192]	validation_0-logloss:0.02138
[193]	validation_0-logloss:0.02137
[194]	validation_0-logloss:0.02137
[195]	validation_0-logloss:0.02135
[196]	validation_0-logloss:0.02135
[197]	validation_0-logloss:0.02135
[198]	validation_0-logloss:0.02137
[199]	validation_0-logloss:0.02138
[2025-11-15 18:55:02] Frost classification model training completed in 3.87 seconds (0.06 minutes)

[2025-11-15 18:55:02] Training regression model for temperature...
[0]	validation_0-rmse:8.43388
[1]	validation_0-rmse:8.05344
[2]	validation_0-rmse:7.69376
[3]	validation_0-rmse:7.35365
[4]	validation_0-rmse:7.03389
[5]	validation_0-rmse:6.73052
[6]	validation_0-rmse:6.44428
[7]	validation_0-rmse:6.17434
[8]	validation_0-rmse:5.92032
[9]	validation_0-rmse:5.68019
[10]	validation_0-rmse:5.45613
[11]	validation_0-rmse:5.24326
[12]	validation_0-rmse:5.04372
[13]	validation_0-rmse:4.85610
[14]	validation_0-rmse:4.68071
[15]	validation_0-rmse:4.51726
[16]	validation_0-rmse:4.36518
[17]	validation_0-rmse:4.22103
[18]	validation_0-rmse:4.08579
[19]	validation_0-rmse:3.95903
[20]	validation_0-rmse:3.84085
[21]	validation_0-rmse:3.73288
[22]	validation_0-rmse:3.63130
[23]	validation_0-rmse:3.53609
[24]	validation_0-rmse:3.44789
[25]	validation_0-rmse:3.36600
[26]	validation_0-rmse:3.29037
[27]	validation_0-rmse:3.21956
[28]	validation_0-rmse:3.15462
[29]	validation_0-rmse:3.09524
[30]	validation_0-rmse:3.03977
[31]	validation_0-rmse:2.99002
[32]	validation_0-rmse:2.94184
[33]	validation_0-rmse:2.89751
[34]	validation_0-rmse:2.85806
[35]	validation_0-rmse:2.82038
[36]	validation_0-rmse:2.78557
[37]	validation_0-rmse:2.75465
[38]	validation_0-rmse:2.72654
[39]	validation_0-rmse:2.70001
[40]	validation_0-rmse:2.67474
[41]	validation_0-rmse:2.65105
[42]	validation_0-rmse:2.62996
[43]	validation_0-rmse:2.60936
[44]	validation_0-rmse:2.59047
[45]	validation_0-rmse:2.57366
[46]	validation_0-rmse:2.55734
[47]	validation_0-rmse:2.54272
[48]	validation_0-rmse:2.52894
[49]	validation_0-rmse:2.51727
[50]	validation_0-rmse:2.50569
[51]	validation_0-rmse:2.49590
[52]	validation_0-rmse:2.48659
[53]	validation_0-rmse:2.47677
[54]	validation_0-rmse:2.46757
[55]	validation_0-rmse:2.45904
[56]	validation_0-rmse:2.45100
[57]	validation_0-rmse:2.44430
[58]	validation_0-rmse:2.43700
[59]	validation_0-rmse:2.43057
[60]	validation_0-rmse:2.42494
[61]	validation_0-rmse:2.41881
[62]	validation_0-rmse:2.41325
[63]	validation_0-rmse:2.40779
[64]	validation_0-rmse:2.40371
[65]	validation_0-rmse:2.39905
[66]	validation_0-rmse:2.39479
[67]	validation_0-rmse:2.39098
[68]	validation_0-rmse:2.38757
[69]	validation_0-rmse:2.38371
[70]	validation_0-rmse:2.38070
[71]	validation_0-rmse:2.37752
[72]	validation_0-rmse:2.37466
[73]	validation_0-rmse:2.37150
[74]	validation_0-rmse:2.36878
[75]	validation_0-rmse:2.36570
[76]	validation_0-rmse:2.36300
[77]	validation_0-rmse:2.36089
[78]	validation_0-rmse:2.35791
[79]	validation_0-rmse:2.35597
[80]	validation_0-rmse:2.35356
[81]	validation_0-rmse:2.35088
[82]	validation_0-rmse:2.34823
[83]	validation_0-rmse:2.34631
[84]	validation_0-rmse:2.34450
[85]	validation_0-rmse:2.34238
[86]	validation_0-rmse:2.33999
[87]	validation_0-rmse:2.33857
[88]	validation_0-rmse:2.33711
[89]	validation_0-rmse:2.33570
[90]	validation_0-rmse:2.33371
[91]	validation_0-rmse:2.33235
[92]	validation_0-rmse:2.33055
[93]	validation_0-rmse:2.32943
[94]	validation_0-rmse:2.32831
[95]	validation_0-rmse:2.32671
[96]	validation_0-rmse:2.32551
[97]	validation_0-rmse:2.32470
[98]	validation_0-rmse:2.32350
[99]	validation_0-rmse:2.32268
[100]	validation_0-rmse:2.32178
[101]	validation_0-rmse:2.32040
[102]	validation_0-rmse:2.31930
[103]	validation_0-rmse:2.31803
[104]	validation_0-rmse:2.31656
[105]	validation_0-rmse:2.31534
[106]	validation_0-rmse:2.31425
[107]	validation_0-rmse:2.31307
[108]	validation_0-rmse:2.31220
[109]	validation_0-rmse:2.31145
[110]	validation_0-rmse:2.31041
[111]	validation_0-rmse:2.30960
[112]	validation_0-rmse:2.30859
[113]	validation_0-rmse:2.30771
[114]	validation_0-rmse:2.30682
[115]	validation_0-rmse:2.30604
[116]	validation_0-rmse:2.30526
[117]	validation_0-rmse:2.30423
[118]	validation_0-rmse:2.30373
[119]	validation_0-rmse:2.30291
[120]	validation_0-rmse:2.30204
[121]	validation_0-rmse:2.30108
[122]	validation_0-rmse:2.30047
[123]	validation_0-rmse:2.29968
[124]	validation_0-rmse:2.29886
[125]	validation_0-rmse:2.29842
[126]	validation_0-rmse:2.29767
[127]	validation_0-rmse:2.29675
[128]	validation_0-rmse:2.29626
[129]	validation_0-rmse:2.29531
[130]	validation_0-rmse:2.29482
[131]	validation_0-rmse:2.29435
[132]	validation_0-rmse:2.29362
[133]	validation_0-rmse:2.29251
[134]	validation_0-rmse:2.29176
[135]	validation_0-rmse:2.29135
[136]	validation_0-rmse:2.29072
[137]	validation_0-rmse:2.29013
[138]	validation_0-rmse:2.28978
[139]	validation_0-rmse:2.28927
[140]	validation_0-rmse:2.28880
[141]	validation_0-rmse:2.28828
[142]	validation_0-rmse:2.28740
[143]	validation_0-rmse:2.28702
[144]	validation_0-rmse:2.28651
[145]	validation_0-rmse:2.28635
[146]	validation_0-rmse:2.28568
[147]	validation_0-rmse:2.28507
[148]	validation_0-rmse:2.28438
[149]	validation_0-rmse:2.28389
[150]	validation_0-rmse:2.28355
[151]	validation_0-rmse:2.28311
[152]	validation_0-rmse:2.28284
[153]	validation_0-rmse:2.28242
[154]	validation_0-rmse:2.28194
[155]	validation_0-rmse:2.28147
[156]	validation_0-rmse:2.28099
[157]	validation_0-rmse:2.28072
[158]	validation_0-rmse:2.28000
[159]	validation_0-rmse:2.27953
[160]	validation_0-rmse:2.27872
[161]	validation_0-rmse:2.27839
[162]	validation_0-rmse:2.27795
[163]	validation_0-rmse:2.27724
[164]	validation_0-rmse:2.27625
[165]	validation_0-rmse:2.27575
[166]	validation_0-rmse:2.27523
[167]	validation_0-rmse:2.27497
[168]	validation_0-rmse:2.27471
[169]	validation_0-rmse:2.27426
[170]	validation_0-rmse:2.27372
[171]	validation_0-rmse:2.27313
[172]	validation_0-rmse:2.27261
[173]	validation_0-rmse:2.27212
[174]	validation_0-rmse:2.27181
[175]	validation_0-rmse:2.27158
[176]	validation_0-rmse:2.27133
[177]	validation_0-rmse:2.27097
[178]	validation_0-rmse:2.27079
[179]	validation_0-rmse:2.27035
[180]	validation_0-rmse:2.26996
[181]	validation_0-rmse:2.26938
[182]	validation_0-rmse:2.26897
[183]	validation_0-rmse:2.26834
[184]	validation_0-rmse:2.26802
[185]	validation_0-rmse:2.26765
[186]	validation_0-rmse:2.26726
[187]	validation_0-rmse:2.26686
[188]	validation_0-rmse:2.26645
[189]	validation_0-rmse:2.26613
[190]	validation_0-rmse:2.26585
[191]	validation_0-rmse:2.26534
[192]	validation_0-rmse:2.26525
[193]	validation_0-rmse:2.26484
[194]	validation_0-rmse:2.26438
[195]	validation_0-rmse:2.26399
[196]	validation_0-rmse:2.26360
[197]	validation_0-rmse:2.26310
[198]	validation_0-rmse:2.26259
[199]	validation_0-rmse:2.26231
[2025-11-15 18:55:08] Temperature regression model training completed in 5.31 seconds (0.09 minutes)

[2025-11-15 18:55:08] Evaluating on test set...

Classification Metrics (Frost Probability):
accuracy: 0.9927
brier_score: 0.0053
ece: 0.0046
f1: 0.4050
fn: 1032
fp: 1545
pr_auc: 0.3730
precision: 0.3621
recall: 0.4594
roc_auc: 0.9883
tn: 351586
tp: 877

Regression Metrics (Temperature):
mae: 1.8282
mape: 21.10445213317871
r2: 0.9276
rmse: 2.3795

Generating reliability diagram...
[2025-11-15 18:55:09] Evaluation completed in 1.24 seconds

[2025-11-15 18:55:09] 24h horizon training completed in 13.06 seconds (0.22 minutes)

[2025-11-15 18:55:09] All horizons training completed in 51.34 seconds (0.86 minutes)

============================================================
Summary Report
============================================================

3h Horizon:
  Frost - Brier: 0.0021, ECE: 0.0006, ROC-AUC: 0.9982
  Temp  - MAE: 0.8176, RMSE: 1.1150, R²: 0.9841

6h Horizon:
  Frost - Brier: 0.0026, ECE: 0.0012, ROC-AUC: 0.9975
  Temp  - MAE: 1.0035, RMSE: 1.3405, R²: 0.9770

12h Horizon:
  Frost - Brier: 0.0038, ECE: 0.0022, ROC-AUC: 0.9942
  Temp  - MAE: 1.5956, RMSE: 2.0776, R²: 0.9448

24h Horizon:
  Frost - Brier: 0.0053, ECE: 0.0046, ROC-AUC: 0.9883
  Temp  - MAE: 1.8282, RMSE: 2.3795, R²: 0.9276

✅ Training completed!
   Start Time: 2025-11-15 18:53:43
   End Time: 2025-11-15 18:55:09
   Duration: 1.43 minutes (0.02 hours)
Results saved to: experiments/A/xgboost/raw
